<?xml version="1.0" encoding="UTF-8"?>
<testsuite xmlns:xsi="http://www.w3.org/2001/XMLSchema-instance" xsi:noNamespaceSchemaLocation="https://maven.apache.org/surefire/maven-surefire-plugin/xsd/surefire-test-report.xsd" name="org.example.AppTest" time="0.023" tests="1" errors="0" skipped="0" failures="0">
  <properties>
    <property name="sun.desktop" value="windows"/>
    <property name="awt.toolkit" value="sun.awt.windows.WToolkit"/>
    <property name="file.encoding.pkg" value="sun.io"/>
    <property name="java.specification.version" value="1.8"/>
    <property name="sun.cpu.isalist" value="amd64"/>
    <property name="sun.jnu.encoding" value="GBK"/>
    <property name="java.class.path" value="C:\z_Goldstine_workspace\Goldstine_workspace\SearchEngine\MetaData\metadata-service\target\test-classes;C:\z_Goldstine_workspace\Goldstine_workspace\SearchEngine\MetaData\metadata-service\target\classes;D:\Goldstine_workspace\Dev_software\Maven\Maven_install\MavenLocalRepository\junit\junit\4.11\junit-4.11.jar;D:\Goldstine_workspace\Dev_software\Maven\Maven_install\MavenLocalRepository\org\hamcrest\hamcrest-core\2.2\hamcrest-core-2.2.jar;D:\Goldstine_workspace\Dev_software\Maven\Maven_install\MavenLocalRepository\org\hamcrest\hamcrest\2.2\hamcrest-2.2.jar;"/>
    <property name="java.vm.vendor" value="Temurin"/>
    <property name="sun.arch.data.model" value="64"/>
    <property name="user.variant" value=""/>
    <property name="java.vendor.url" value="https://adoptium.net/"/>
    <property name="user.timezone" value="Asia/Shanghai"/>
    <property name="java.vm.specification.version" value="1.8"/>
    <property name="os.name" value="Windows 10"/>
    <property name="user.country" value="CN"/>
    <property name="sun.java.launcher" value="SUN_STANDARD"/>
    <property name="sun.boot.library.path" value="D:\Goldstine_workspace\Dev_software\jdk_dev\jdk_package\jdk8u332-b09\jre\bin"/>
    <property name="sun.java.command" value="C:\Users\15797\AppData\Local\Temp\surefire6839096479220318963\surefirebooter3887175563990800815.jar C:\Users\15797\AppData\Local\Temp\surefire6839096479220318963 2023-12-01T00-19-01_234-jvmRun1 surefire63796948739828084tmp surefire_36671843222094700675tmp"/>
    <property name="surefire.test.class.path" value="C:\z_Goldstine_workspace\Goldstine_workspace\SearchEngine\MetaData\metadata-service\target\test-classes;C:\z_Goldstine_workspace\Goldstine_workspace\SearchEngine\MetaData\metadata-service\target\classes;D:\Goldstine_workspace\Dev_software\Maven\Maven_install\MavenLocalRepository\junit\junit\4.11\junit-4.11.jar;D:\Goldstine_workspace\Dev_software\Maven\Maven_install\MavenLocalRepository\org\hamcrest\hamcrest-core\2.2\hamcrest-core-2.2.jar;D:\Goldstine_workspace\Dev_software\Maven\Maven_install\MavenLocalRepository\org\hamcrest\hamcrest\2.2\hamcrest-2.2.jar;"/>
    <property name="sun.cpu.endian" value="little"/>
    <property name="user.home" value="C:\Users\15797"/>
    <property name="user.language" value="zh"/>
    <property name="java.specification.vendor" value="Oracle Corporation"/>
    <property name="java.home" value="D:\Goldstine_workspace\Dev_software\jdk_dev\jdk_package\jdk8u332-b09\jre"/>
    <property name="basedir" value="C:\z_Goldstine_workspace\Goldstine_workspace\SearchEngine\MetaData\metadata-service"/>
    <property name="file.separator" value="\"/>
    <property name="line.separator" value="&#10;"/>
    <property name="java.vm.specification.vendor" value="Oracle Corporation"/>
    <property name="java.specification.name" value="Java Platform API Specification"/>
    <property name="java.awt.graphicsenv" value="sun.awt.Win32GraphicsEnvironment"/>
    <property name="surefire.real.class.path" value="C:\Users\15797\AppData\Local\Temp\surefire6839096479220318963\surefirebooter3887175563990800815.jar"/>
    <property name="sun.boot.class.path" value="D:\Goldstine_workspace\Dev_software\jdk_dev\jdk_package\jdk8u332-b09\jre\lib\resources.jar;D:\Goldstine_workspace\Dev_software\jdk_dev\jdk_package\jdk8u332-b09\jre\lib\rt.jar;D:\Goldstine_workspace\Dev_software\jdk_dev\jdk_package\jdk8u332-b09\jre\lib\sunrsasign.jar;D:\Goldstine_workspace\Dev_software\jdk_dev\jdk_package\jdk8u332-b09\jre\lib\jsse.jar;D:\Goldstine_workspace\Dev_software\jdk_dev\jdk_package\jdk8u332-b09\jre\lib\jce.jar;D:\Goldstine_workspace\Dev_software\jdk_dev\jdk_package\jdk8u332-b09\jre\lib\charsets.jar;D:\Goldstine_workspace\Dev_software\jdk_dev\jdk_package\jdk8u332-b09\jre\lib\jfr.jar;D:\Goldstine_workspace\Dev_software\jdk_dev\jdk_package\jdk8u332-b09\jre\classes"/>
    <property name="user.script" value=""/>
    <property name="sun.management.compiler" value="HotSpot 64-Bit Tiered Compilers"/>
    <property name="java.runtime.version" value="1.8.0_332-b09"/>
    <property name="user.name" value="15797"/>
    <property name="path.separator" value=";"/>
    <property name="os.version" value="10.0"/>
    <property name="java.endorsed.dirs" value="D:\Goldstine_workspace\Dev_software\jdk_dev\jdk_package\jdk8u332-b09\jre\lib\endorsed"/>
    <property name="java.runtime.name" value="OpenJDK Runtime Environment"/>
    <property name="file.encoding" value="GBK"/>
    <property name="java.vm.name" value="OpenJDK 64-Bit Server VM"/>
    <property name="localRepository" value="D:\Goldstine_workspace\Dev_software\Maven\Maven_install\MavenLocalRepository"/>
    <property name="java.vendor.url.bug" value="https://github.com/adoptium/adoptium-support/issues"/>
    <property name="java.io.tmpdir" value="C:\Users\15797\AppData\Local\Temp\"/>
    <property name="idea.version" value="2021.3.1"/>
    <property name="java.version" value="1.8.0_332"/>
    <property name="user.dir" value="C:\z_Goldstine_workspace\Goldstine_workspace\SearchEngine\MetaData\metadata-service"/>
    <property name="os.arch" value="amd64"/>
    <property name="java.vm.specification.name" value="Java Virtual Machine Specification"/>
    <property name="java.awt.printerjob" value="sun.awt.windows.WPrinterJob"/>
    <property name="sun.os.patch.level" value=""/>
    <property name="java.library.path" value="D:\Goldstine_workspace\Dev_software\jdk_dev\jdk_package\jdk8u332-b09\jre\bin;C:\windows\Sun\Java\bin;C:\windows\system32;C:\windows;C:\Program Files\PlasticSCM5\server;C:\Program Files\PlasticSCM5\client;C:\Program Files (x86)\Common Files\Intel\Shared Libraries\redist\intel64\compiler;D:\Goldstine_workspace\Vmware\Vmware_install\bin\;D:\Goldstine_workspace\Dev_software\jdk_dev\jdk_install\bin;D:\Goldstine_workspace\Dev_software\Maven\Maven_install\apache-maven-3.8.4\bin;C:\Program Files\Common Files\Oracle\Java\javapath;C:\windows\system32;C:\windows;C:\windows\System32\Wbem;C:\windows\System32\WindowsPowerShell\v1.0\;C:\windows\System32\OpenSSH\;D:\Goldstine_workspace\Ops_tools\Git\Git_install\Git\cmd;D:\Goldstine_workspace\FrontDev\nvm\nvm_install\nvm;D:\Goldstine_workspace\FrontDev\nvm\node_repo;D:\Goldstine_workspace\Dev_software\MySQL\MySql_install\mysql-8.0.20-winx64\bin;C:\Program Files\dotnet\;D:\Goldstine_Go_workspace\Go_Vscode_dev\Go_install\bin;C:\z_Goldstine_workspace\Goldstine_workspace\Back_end\Spring5\gradle\gradle-7.6\bin;C:\Users\15797\AppData\Local\Microsoft\WindowsApps;D:\Goldstine_workspace\Dev_software\IDEA\IDEA_install\IntelliJ IDEA Community Edition 2021.3.1\bin;;D:\Goldstine_workspace\Dev_software\Vscode\Vscode_install\Microsoft VS Code\bin;D:\Goldstine_workspace\FrontDev\nvm\nvm_install\nvm;D:\Goldstine_workspace\FrontDev\nvm\node_repo;C:\Users\15797\.dotnet\tools;D:\Goldstine_Go_workspace\Go_dev\Go_install\GoLand 2022.2.1\bin;;D:\Goldstine_Python_workspace\pycharm\PyCharm 2021.3.3\bin;;C:\z_Goldstine_workspace\audio_video_dev\FFmpeg\ffmpeg-5.1.2-essentials_build\bin;."/>
    <property name="java.vm.info" value="mixed mode"/>
    <property name="java.vendor" value="Temurin"/>
    <property name="java.vm.version" value="25.332-b09"/>
    <property name="java.ext.dirs" value="D:\Goldstine_workspace\Dev_software\jdk_dev\jdk_package\jdk8u332-b09\jre\lib\ext;C:\windows\Sun\Java\lib\ext"/>
    <property name="sun.io.unicode.encoding" value="UnicodeLittle"/>
    <property name="maven.repo.local" value="D:\Goldstine_workspace\Dev_software\Maven\Maven_install\MavenLocalRepository"/>
    <property name="java.class.version" value="52.0"/>
  </properties>
  <testcase name="shouldAnswerWithTrue" classname="org.example.AppTest" time="0.001"/>
</testsuite>